mode: set
github.com/ecadlabs/signatory/pkg/cryptoutils/crypto.go:20.88,26.20 5 0
github.com/ecadlabs/signatory/pkg/cryptoutils/crypto.go:30.2,33.3 1 0
github.com/ecadlabs/signatory/pkg/cryptoutils/crypto.go:26.20,28.3 1 0
github.com/ecadlabs/signatory/pkg/cryptoutils/crypto.go:37.71,39.9 2 0
github.com/ecadlabs/signatory/pkg/cryptoutils/crypto.go:42.2,43.9 2 0
github.com/ecadlabs/signatory/pkg/cryptoutils/crypto.go:47.2,47.46 1 0
github.com/ecadlabs/signatory/pkg/cryptoutils/crypto.go:39.9,41.3 1 0
github.com/ecadlabs/signatory/pkg/cryptoutils/crypto.go:43.9,45.3 1 0
github.com/ecadlabs/signatory/pkg/cryptoutils/crypto.go:61.42,63.2 1 0
github.com/ecadlabs/signatory/pkg/cryptoutils/crypto.go:68.43,70.2 1 0
github.com/ecadlabs/signatory/pkg/cryptoutils/crypto.go:78.37,79.21 1 0
github.com/ecadlabs/signatory/pkg/cryptoutils/crypto.go:90.2,90.19 1 0
github.com/ecadlabs/signatory/pkg/cryptoutils/crypto.go:79.21,81.39 2 0
github.com/ecadlabs/signatory/pkg/cryptoutils/crypto.go:85.3,87.30 3 0
github.com/ecadlabs/signatory/pkg/cryptoutils/crypto.go:81.39,83.4 1 0
github.com/ecadlabs/signatory/pkg/cryptoutils/crypto.go:94.43,95.12 1 0
github.com/ecadlabs/signatory/pkg/cryptoutils/crypto.go:98.2,104.27 2 0
github.com/ecadlabs/signatory/pkg/cryptoutils/crypto.go:95.12,97.3 1 0
github.com/ecadlabs/signatory/pkg/cryptoutils/crypto.go:113.45,114.14 1 0
github.com/ecadlabs/signatory/pkg/cryptoutils/crypto.go:115.15,116.25 1 0
github.com/ecadlabs/signatory/pkg/cryptoutils/crypto.go:117.15,118.25 1 0
github.com/ecadlabs/signatory/pkg/cryptoutils/crypto.go:119.15,120.25 1 0
github.com/ecadlabs/signatory/pkg/cryptoutils/crypto.go:121.15,122.25 1 0
github.com/ecadlabs/signatory/pkg/cryptoutils/crypto.go:123.29,124.16 1 0
github.com/ecadlabs/signatory/pkg/cryptoutils/crypto.go:125.10,126.13 1 0
github.com/ecadlabs/signatory/pkg/cryptoutils/crypto.go:131.60,132.28 1 0
github.com/ecadlabs/signatory/pkg/cryptoutils/crypto.go:142.2,142.58 1 0
github.com/ecadlabs/signatory/pkg/cryptoutils/crypto.go:133.25,135.17 2 0
github.com/ecadlabs/signatory/pkg/cryptoutils/crypto.go:138.3,138.42 1 0
github.com/ecadlabs/signatory/pkg/cryptoutils/crypto.go:139.26,140.56 1 0
github.com/ecadlabs/signatory/pkg/cryptoutils/crypto.go:135.17,137.4 1 0
github.com/ecadlabs/signatory/pkg/cryptoutils/pkcs.go:23.76,24.9 1 1
github.com/ecadlabs/signatory/pkg/cryptoutils/pkcs.go:37.2,37.19 1 0
github.com/ecadlabs/signatory/pkg/cryptoutils/pkcs.go:25.32,26.33 1 0
github.com/ecadlabs/signatory/pkg/cryptoutils/pkcs.go:27.32,28.33 1 1
github.com/ecadlabs/signatory/pkg/cryptoutils/pkcs.go:29.32,30.33 1 0
github.com/ecadlabs/signatory/pkg/cryptoutils/pkcs.go:31.32,32.33 1 0
github.com/ecadlabs/signatory/pkg/cryptoutils/pkcs.go:33.33,34.33 1 0
github.com/ecadlabs/signatory/pkg/cryptoutils/pkcs.go:63.73,67.9 3 1
github.com/ecadlabs/signatory/pkg/cryptoutils/pkcs.go:71.2,72.16 2 1
github.com/ecadlabs/signatory/pkg/cryptoutils/pkcs.go:76.2,83.80 2 1
github.com/ecadlabs/signatory/pkg/cryptoutils/pkcs.go:87.2,87.30 1 1
github.com/ecadlabs/signatory/pkg/cryptoutils/pkcs.go:67.9,69.3 1 0
github.com/ecadlabs/signatory/pkg/cryptoutils/pkcs.go:72.16,74.3 1 0
github.com/ecadlabs/signatory/pkg/cryptoutils/pkcs.go:83.80,85.3 1 0
github.com/ecadlabs/signatory/pkg/cryptoutils/pkcs.go:92.99,103.2 4 1
github.com/ecadlabs/signatory/pkg/cryptoutils/pkcs.go:106.62,107.49 1 1
github.com/ecadlabs/signatory/pkg/cryptoutils/pkcs.go:110.2,110.41 1 0
github.com/ecadlabs/signatory/pkg/cryptoutils/pkcs.go:107.49,109.3 1 1
github.com/ecadlabs/signatory/pkg/jwk/jwk.go:66.50,68.16 2 1
github.com/ecadlabs/signatory/pkg/jwk/jwk.go:71.2,71.40 1 1
github.com/ecadlabs/signatory/pkg/jwk/jwk.go:68.16,70.3 1 0
github.com/ecadlabs/signatory/pkg/jwk/jwk.go:74.61,76.67 2 1
github.com/ecadlabs/signatory/pkg/jwk/jwk.go:79.2,79.51 1 1
github.com/ecadlabs/signatory/pkg/jwk/jwk.go:82.2,82.51 1 1
github.com/ecadlabs/signatory/pkg/jwk/jwk.go:85.2,85.40 1 1
github.com/ecadlabs/signatory/pkg/jwk/jwk.go:89.2,89.18 1 1
github.com/ecadlabs/signatory/pkg/jwk/jwk.go:76.67,78.3 1 0
github.com/ecadlabs/signatory/pkg/jwk/jwk.go:79.51,81.3 1 0
github.com/ecadlabs/signatory/pkg/jwk/jwk.go:82.51,84.3 1 0
github.com/ecadlabs/signatory/pkg/jwk/jwk.go:85.40,87.3 1 1
github.com/ecadlabs/signatory/pkg/jwk/jwk.go:92.60,94.51 2 1
github.com/ecadlabs/signatory/pkg/jwk/jwk.go:97.2,98.16 2 1
github.com/ecadlabs/signatory/pkg/jwk/jwk.go:101.2,103.18 2 1
github.com/ecadlabs/signatory/pkg/jwk/jwk.go:94.51,96.3 1 0
github.com/ecadlabs/signatory/pkg/jwk/jwk.go:98.16,100.3 1 0
github.com/ecadlabs/signatory/pkg/jwk/jwk.go:107.53,108.19 1 1
github.com/ecadlabs/signatory/pkg/jwk/jwk.go:132.2,132.64 1 0
github.com/ecadlabs/signatory/pkg/jwk/jwk.go:109.22,111.17 2 1
github.com/ecadlabs/signatory/pkg/jwk/jwk.go:115.3,115.18 1 1
github.com/ecadlabs/signatory/pkg/jwk/jwk.go:117.24,119.17 2 1
github.com/ecadlabs/signatory/pkg/jwk/jwk.go:122.3,122.38 1 1
github.com/ecadlabs/signatory/pkg/jwk/jwk.go:125.3,125.22 1 1
github.com/ecadlabs/signatory/pkg/jwk/jwk.go:129.3,129.18 1 1
github.com/ecadlabs/signatory/pkg/jwk/jwk.go:111.17,114.4 1 1
github.com/ecadlabs/signatory/pkg/jwk/jwk.go:119.17,121.4 1 0
github.com/ecadlabs/signatory/pkg/jwk/jwk.go:122.38,124.4 1 0
github.com/ecadlabs/signatory/pkg/jwk/jwk.go:125.22,127.4 1 0
github.com/ecadlabs/signatory/pkg/jwk/jwk.go:136.60,137.19 1 1
github.com/ecadlabs/signatory/pkg/jwk/jwk.go:197.2,197.64 1 0
github.com/ecadlabs/signatory/pkg/jwk/jwk.go:138.22,139.16 1 1
github.com/ecadlabs/signatory/pkg/jwk/jwk.go:142.3,143.17 2 1
github.com/ecadlabs/signatory/pkg/jwk/jwk.go:146.3,149.52 2 1
github.com/ecadlabs/signatory/pkg/jwk/jwk.go:153.3,153.19 1 1
github.com/ecadlabs/signatory/pkg/jwk/jwk.go:155.24,156.16 1 1
github.com/ecadlabs/signatory/pkg/jwk/jwk.go:160.3,161.17 2 1
github.com/ecadlabs/signatory/pkg/jwk/jwk.go:164.3,167.52 2 1
github.com/ecadlabs/signatory/pkg/jwk/jwk.go:170.3,171.60 2 1
github.com/ecadlabs/signatory/pkg/jwk/jwk.go:174.3,174.60 1 1
github.com/ecadlabs/signatory/pkg/jwk/jwk.go:178.3,178.27 1 1
github.com/ecadlabs/signatory/pkg/jwk/jwk.go:189.3,189.39 1 1
github.com/ecadlabs/signatory/pkg/jwk/jwk.go:192.3,194.19 2 1
github.com/ecadlabs/signatory/pkg/jwk/jwk.go:139.16,141.4 1 1
github.com/ecadlabs/signatory/pkg/jwk/jwk.go:143.17,145.4 1 1
github.com/ecadlabs/signatory/pkg/jwk/jwk.go:149.52,151.4 1 0
github.com/ecadlabs/signatory/pkg/jwk/jwk.go:156.16,158.4 1 1
github.com/ecadlabs/signatory/pkg/jwk/jwk.go:161.17,163.4 1 0
github.com/ecadlabs/signatory/pkg/jwk/jwk.go:167.52,169.4 1 0
github.com/ecadlabs/signatory/pkg/jwk/jwk.go:171.60,173.4 1 0
github.com/ecadlabs/signatory/pkg/jwk/jwk.go:174.60,176.4 1 0
github.com/ecadlabs/signatory/pkg/jwk/jwk.go:178.27,180.18 2 0
github.com/ecadlabs/signatory/pkg/jwk/jwk.go:183.4,183.21 1 0
github.com/ecadlabs/signatory/pkg/jwk/jwk.go:186.4,186.23 1 0
github.com/ecadlabs/signatory/pkg/jwk/jwk.go:180.18,182.5 1 0
github.com/ecadlabs/signatory/pkg/jwk/jwk.go:183.21,185.5 1 0
github.com/ecadlabs/signatory/pkg/jwk/jwk.go:189.39,191.4 1 0
github.com/ecadlabs/signatory/pkg/jwk/jwk.go:200.57,205.2 4 1
github.com/ecadlabs/signatory/pkg/jwk/jwk.go:207.56,211.2 3 1
github.com/ecadlabs/signatory/pkg/jwk/jwk.go:214.73,216.25 2 1
github.com/ecadlabs/signatory/pkg/jwk/jwk.go:248.2,248.17 1 1
github.com/ecadlabs/signatory/pkg/jwk/jwk.go:217.25,219.42 2 1
github.com/ecadlabs/signatory/pkg/jwk/jwk.go:221.23,224.75 3 1
github.com/ecadlabs/signatory/pkg/jwk/jwk.go:227.3,233.24 6 1
github.com/ecadlabs/signatory/pkg/jwk/jwk.go:244.10,245.67 1 0
github.com/ecadlabs/signatory/pkg/jwk/jwk.go:224.75,226.4 1 0
github.com/ecadlabs/signatory/pkg/jwk/jwk.go:233.24,235.41 2 0
github.com/ecadlabs/signatory/pkg/jwk/jwk.go:235.41,241.5 1 0
github.com/ecadlabs/signatory/pkg/jwk/jwk.go:252.66,254.25 2 0
github.com/ecadlabs/signatory/pkg/jwk/jwk.go:265.2,265.17 1 0
github.com/ecadlabs/signatory/pkg/jwk/jwk.go:255.24,256.29 1 0
github.com/ecadlabs/signatory/pkg/jwk/jwk.go:258.22,259.30 1 0
github.com/ecadlabs/signatory/pkg/jwk/jwk.go:261.10,262.67 1 0
github.com/ecadlabs/signatory/pkg/signatory/import.go:14.156,16.9 2 1
github.com/ecadlabs/signatory/pkg/signatory/import.go:20.2,21.9 2 1
github.com/ecadlabs/signatory/pkg/signatory/import.go:25.2,26.16 2 1
github.com/ecadlabs/signatory/pkg/signatory/import.go:30.2,33.16 3 1
github.com/ecadlabs/signatory/pkg/signatory/import.go:37.2,41.46 2 1
github.com/ecadlabs/signatory/pkg/signatory/import.go:47.2,50.16 3 1
github.com/ecadlabs/signatory/pkg/signatory/import.go:54.2,59.16 4 1
github.com/ecadlabs/signatory/pkg/signatory/import.go:63.2,69.8 1 1
github.com/ecadlabs/signatory/pkg/signatory/import.go:16.9,18.3 1 0
github.com/ecadlabs/signatory/pkg/signatory/import.go:21.9,23.3 1 0
github.com/ecadlabs/signatory/pkg/signatory/import.go:26.16,28.3 1 0
github.com/ecadlabs/signatory/pkg/signatory/import.go:33.16,35.3 1 0
github.com/ecadlabs/signatory/pkg/signatory/import.go:41.46,43.3 1 0
github.com/ecadlabs/signatory/pkg/signatory/import.go:43.8,45.3 1 1
github.com/ecadlabs/signatory/pkg/signatory/import.go:50.16,52.3 1 0
github.com/ecadlabs/signatory/pkg/signatory/import.go:59.16,61.3 1 0
github.com/ecadlabs/signatory/pkg/signatory/signatory.go:77.57,81.20 3 1
github.com/ecadlabs/signatory/pkg/signatory/signatory.go:84.2,84.21 1 1
github.com/ecadlabs/signatory/pkg/signatory/signatory.go:81.20,83.3 1 1
github.com/ecadlabs/signatory/pkg/signatory/signatory.go:87.50,91.34 3 0
github.com/ecadlabs/signatory/pkg/signatory/signatory.go:95.2,95.12 1 0
github.com/ecadlabs/signatory/pkg/signatory/signatory.go:91.34,93.3 1 0
github.com/ecadlabs/signatory/pkg/signatory/signatory.go:98.27,102.2 3 0
github.com/ecadlabs/signatory/pkg/signatory/signatory.go:104.46,105.28 1 1
github.com/ecadlabs/signatory/pkg/signatory/signatory.go:108.2,108.29 1 1
github.com/ecadlabs/signatory/pkg/signatory/signatory.go:105.28,107.3 1 0
github.com/ecadlabs/signatory/pkg/signatory/signatory.go:115.78,117.9 2 1
github.com/ecadlabs/signatory/pkg/signatory/signatory.go:120.2,120.16 1 0
github.com/ecadlabs/signatory/pkg/signatory/signatory.go:137.2,137.23 1 0
github.com/ecadlabs/signatory/pkg/signatory/signatory.go:117.9,119.3 1 1
github.com/ecadlabs/signatory/pkg/signatory/signatory.go:120.16,124.30 2 0
github.com/ecadlabs/signatory/pkg/signatory/signatory.go:129.3,129.35 1 0
github.com/ecadlabs/signatory/pkg/signatory/signatory.go:135.3,135.14 1 0
github.com/ecadlabs/signatory/pkg/signatory/signatory.go:124.30,128.4 3 0
github.com/ecadlabs/signatory/pkg/signatory/signatory.go:129.35,133.4 3 0
github.com/ecadlabs/signatory/pkg/signatory/signatory.go:140.94,143.45 3 1
github.com/ecadlabs/signatory/pkg/signatory/signatory.go:150.2,150.14 1 1
github.com/ecadlabs/signatory/pkg/signatory/signatory.go:154.2,154.51 1 1
github.com/ecadlabs/signatory/pkg/signatory/signatory.go:172.2,172.12 1 1
github.com/ecadlabs/signatory/pkg/signatory/signatory.go:143.45,144.16 1 1
github.com/ecadlabs/signatory/pkg/signatory/signatory.go:144.16,146.9 2 1
github.com/ecadlabs/signatory/pkg/signatory/signatory.go:150.14,152.3 1 1
github.com/ecadlabs/signatory/pkg/signatory/signatory.go:154.51,155.35 1 1
github.com/ecadlabs/signatory/pkg/signatory/signatory.go:155.35,157.52 2 1
github.com/ecadlabs/signatory/pkg/signatory/signatory.go:160.4,161.42 2 1
github.com/ecadlabs/signatory/pkg/signatory/signatory.go:167.4,167.16 1 1
github.com/ecadlabs/signatory/pkg/signatory/signatory.go:157.52,159.14 1 0
github.com/ecadlabs/signatory/pkg/signatory/signatory.go:161.42,162.20 1 1
github.com/ecadlabs/signatory/pkg/signatory/signatory.go:162.20,164.11 2 1
github.com/ecadlabs/signatory/pkg/signatory/signatory.go:167.16,169.5 1 1
github.com/ecadlabs/signatory/pkg/signatory/signatory.go:176.95,180.19 3 0
github.com/ecadlabs/signatory/pkg/signatory/signatory.go:186.2,187.16 2 0
github.com/ecadlabs/signatory/pkg/signatory/signatory.go:192.2,193.16 2 0
github.com/ecadlabs/signatory/pkg/signatory/signatory.go:198.2,199.51 2 0
github.com/ecadlabs/signatory/pkg/signatory/signatory.go:204.2,204.70 1 0
github.com/ecadlabs/signatory/pkg/signatory/signatory.go:209.2,210.16 2 0
github.com/ecadlabs/signatory/pkg/signatory/signatory.go:215.2,216.45 2 0
github.com/ecadlabs/signatory/pkg/signatory/signatory.go:222.2,225.24 3 0
github.com/ecadlabs/signatory/pkg/signatory/signatory.go:228.2,230.52 2 0
github.com/ecadlabs/signatory/pkg/signatory/signatory.go:235.2,238.33 3 0
github.com/ecadlabs/signatory/pkg/signatory/signatory.go:251.2,251.16 1 0
github.com/ecadlabs/signatory/pkg/signatory/signatory.go:255.2,260.16 4 0
github.com/ecadlabs/signatory/pkg/signatory/signatory.go:264.2,267.24 3 0
github.com/ecadlabs/signatory/pkg/signatory/signatory.go:180.19,184.3 3 0
github.com/ecadlabs/signatory/pkg/signatory/signatory.go:187.16,190.3 2 0
github.com/ecadlabs/signatory/pkg/signatory/signatory.go:193.16,196.3 2 0
github.com/ecadlabs/signatory/pkg/signatory/signatory.go:199.51,202.3 2 0
github.com/ecadlabs/signatory/pkg/signatory/signatory.go:204.70,207.3 2 0
github.com/ecadlabs/signatory/pkg/signatory/signatory.go:210.16,213.3 2 0
github.com/ecadlabs/signatory/pkg/signatory/signatory.go:216.45,218.3 1 0
github.com/ecadlabs/signatory/pkg/signatory/signatory.go:218.8,220.3 1 0
github.com/ecadlabs/signatory/pkg/signatory/signatory.go:225.24,227.3 1 0
github.com/ecadlabs/signatory/pkg/signatory/signatory.go:230.52,232.3 1 0
github.com/ecadlabs/signatory/pkg/signatory/signatory.go:238.33,244.25 1 0
github.com/ecadlabs/signatory/pkg/signatory/signatory.go:244.25,247.4 2 0
github.com/ecadlabs/signatory/pkg/signatory/signatory.go:248.8,250.3 1 0
github.com/ecadlabs/signatory/pkg/signatory/signatory.go:251.16,253.3 1 0
github.com/ecadlabs/signatory/pkg/signatory/signatory.go:260.16,262.3 1 0
github.com/ecadlabs/signatory/pkg/signatory/signatory.go:270.121,272.32 2 1
github.com/ecadlabs/signatory/pkg/signatory/signatory.go:294.2,294.23 1 1
github.com/ecadlabs/signatory/pkg/signatory/signatory.go:272.32,274.7 2 1
github.com/ecadlabs/signatory/pkg/signatory/signatory.go:274.7,276.28 2 1
github.com/ecadlabs/signatory/pkg/signatory/signatory.go:279.4,279.18 1 1
github.com/ecadlabs/signatory/pkg/signatory/signatory.go:283.4,284.18 2 1
github.com/ecadlabs/signatory/pkg/signatory/signatory.go:287.4,291.26 4 1
github.com/ecadlabs/signatory/pkg/signatory/signatory.go:276.28,277.10 1 1
github.com/ecadlabs/signatory/pkg/signatory/signatory.go:279.18,281.5 1 0
github.com/ecadlabs/signatory/pkg/signatory/signatory.go:284.18,286.5 1 0
github.com/ecadlabs/signatory/pkg/signatory/signatory.go:298.79,300.16 2 1
github.com/ecadlabs/signatory/pkg/signatory/signatory.go:304.2,305.25 2 1
github.com/ecadlabs/signatory/pkg/signatory/signatory.go:322.2,322.17 1 1
github.com/ecadlabs/signatory/pkg/signatory/signatory.go:300.16,302.3 1 0
github.com/ecadlabs/signatory/pkg/signatory/signatory.go:305.25,307.17 2 1
github.com/ecadlabs/signatory/pkg/signatory/signatory.go:310.3,318.27 2 1
github.com/ecadlabs/signatory/pkg/signatory/signatory.go:307.17,309.4 1 0
github.com/ecadlabs/signatory/pkg/signatory/signatory.go:318.27,320.4 1 0
github.com/ecadlabs/signatory/pkg/signatory/signatory.go:325.94,327.19 2 0
github.com/ecadlabs/signatory/pkg/signatory/signatory.go:331.2,334.16 3 0
github.com/ecadlabs/signatory/pkg/signatory/signatory.go:338.2,338.32 1 0
github.com/ecadlabs/signatory/pkg/signatory/signatory.go:341.2,341.30 1 0
github.com/ecadlabs/signatory/pkg/signatory/signatory.go:327.19,329.3 1 0
github.com/ecadlabs/signatory/pkg/signatory/signatory.go:334.16,336.3 1 0
github.com/ecadlabs/signatory/pkg/signatory/signatory.go:338.32,340.3 1 0
github.com/ecadlabs/signatory/pkg/signatory/signatory.go:345.91,347.16 2 0
github.com/ecadlabs/signatory/pkg/signatory/signatory.go:351.2,352.16 2 0
github.com/ecadlabs/signatory/pkg/signatory/signatory.go:356.2,362.8 1 0
github.com/ecadlabs/signatory/pkg/signatory/signatory.go:347.16,349.3 1 0
github.com/ecadlabs/signatory/pkg/signatory/signatory.go:352.16,354.3 1 0
github.com/ecadlabs/signatory/pkg/signatory/signatory.go:366.55,367.29 1 0
github.com/ecadlabs/signatory/pkg/signatory/signatory.go:374.2,375.12 2 0
github.com/ecadlabs/signatory/pkg/signatory/signatory.go:367.29,368.45 1 0
github.com/ecadlabs/signatory/pkg/signatory/signatory.go:368.45,369.47 1 0
github.com/ecadlabs/signatory/pkg/signatory/signatory.go:369.47,371.5 1 0
github.com/ecadlabs/signatory/pkg/signatory/signatory.go:388.71,395.33 2 1
github.com/ecadlabs/signatory/pkg/signatory/signatory.go:410.2,410.15 1 1
github.com/ecadlabs/signatory/pkg/signatory/signatory.go:395.33,404.17 4 1
github.com/ecadlabs/signatory/pkg/signatory/signatory.go:407.3,407.21 1 1
github.com/ecadlabs/signatory/pkg/signatory/signatory.go:404.17,406.4 1 0
github.com/ecadlabs/signatory/pkg/signatory/signatory.go:414.62,415.29 1 0
github.com/ecadlabs/signatory/pkg/signatory/signatory.go:422.2,422.18 1 0
github.com/ecadlabs/signatory/pkg/signatory/signatory.go:415.29,416.47 1 0
github.com/ecadlabs/signatory/pkg/signatory/signatory.go:416.47,417.51 1 0
github.com/ecadlabs/signatory/pkg/signatory/signatory.go:417.51,419.5 1 0
github.com/ecadlabs/signatory/pkg/signatory/watermark.go:22.48,27.2 1 1
github.com/ecadlabs/signatory/pkg/signatory/watermark.go:30.86,32.9 2 1
github.com/ecadlabs/signatory/pkg/signatory/watermark.go:37.2,43.40 5 1
github.com/ecadlabs/signatory/pkg/signatory/watermark.go:52.2,53.13 2 1
github.com/ecadlabs/signatory/pkg/signatory/watermark.go:32.9,35.3 1 1
github.com/ecadlabs/signatory/pkg/signatory/watermark.go:43.40,45.18 1 1
github.com/ecadlabs/signatory/pkg/signatory/watermark.go:49.3,49.15 1 1
github.com/ecadlabs/signatory/pkg/signatory/watermark.go:45.18,48.4 2 1
github.com/ecadlabs/signatory/pkg/signatory/watermark.go:61.44,63.2 1 1
github.com/ecadlabs/signatory/pkg/signatory/watermark.go:66.84,68.2 1 0
github.com/ecadlabs/signatory/pkg/utils/options.go:11.74,13.9 2 0
github.com/ecadlabs/signatory/pkg/utils/options.go:17.2,17.24 1 0
github.com/ecadlabs/signatory/pkg/utils/options.go:13.9,15.3 1 0
github.com/ecadlabs/signatory/pkg/utils/options.go:18.14,19.23 1 0
github.com/ecadlabs/signatory/pkg/utils/options.go:20.10,21.41 1 0
github.com/ecadlabs/signatory/pkg/utils/options.go:25.34,28.20 2 0
github.com/ecadlabs/signatory/pkg/utils/options.go:36.2,36.10 1 0
github.com/ecadlabs/signatory/pkg/utils/options.go:29.78,30.19 1 0
github.com/ecadlabs/signatory/pkg/utils/options.go:32.40,33.28 1 0
github.com/ecadlabs/signatory/pkg/utils/options.go:39.70,41.9 2 0
github.com/ecadlabs/signatory/pkg/utils/options.go:45.2,45.29 1 0
github.com/ecadlabs/signatory/pkg/utils/options.go:50.2,50.29 1 0
github.com/ecadlabs/signatory/pkg/utils/options.go:41.9,43.3 1 0
github.com/ecadlabs/signatory/pkg/utils/options.go:45.29,48.3 2 0
github.com/ecadlabs/signatory/pkg/utils/options.go:53.70,55.9 2 0
github.com/ecadlabs/signatory/pkg/utils/options.go:59.2,59.24 1 0
github.com/ecadlabs/signatory/pkg/utils/options.go:55.9,57.3 1 0
github.com/ecadlabs/signatory/pkg/utils/options.go:60.12,61.23 1 0
github.com/ecadlabs/signatory/pkg/utils/options.go:62.14,64.22 2 0
github.com/ecadlabs/signatory/pkg/utils/options.go:65.10,66.21 1 0
github.com/ecadlabs/signatory/pkg/utils/options.go:69.3,69.26 1 0
github.com/ecadlabs/signatory/pkg/utils/options.go:66.21,68.4 1 0
github.com/ecadlabs/signatory/pkg/utils/utils.go:17.73,19.25 2 1
github.com/ecadlabs/signatory/pkg/utils/utils.go:22.2,29.27 3 1
github.com/ecadlabs/signatory/pkg/utils/utils.go:36.2,37.6 2 1
github.com/ecadlabs/signatory/pkg/utils/utils.go:19.25,21.3 1 0
github.com/ecadlabs/signatory/pkg/utils/utils.go:29.27,32.3 2 1
github.com/ecadlabs/signatory/pkg/utils/utils.go:32.8,34.3 1 1
github.com/ecadlabs/signatory/pkg/utils/utils.go:37.6,38.18 1 1
github.com/ecadlabs/signatory/pkg/utils/utils.go:45.3,46.26 2 1
github.com/ecadlabs/signatory/pkg/utils/utils.go:50.3,50.58 1 1
github.com/ecadlabs/signatory/pkg/utils/utils.go:53.3,55.10 2 1
github.com/ecadlabs/signatory/pkg/utils/utils.go:38.18,39.21 1 1
github.com/ecadlabs/signatory/pkg/utils/utils.go:42.4,42.29 1 1
github.com/ecadlabs/signatory/pkg/utils/utils.go:39.21,41.5 1 0
github.com/ecadlabs/signatory/pkg/utils/utils.go:46.26,48.4 1 0
github.com/ecadlabs/signatory/pkg/utils/utils.go:50.58,52.4 1 1
github.com/ecadlabs/signatory/pkg/utils/utils.go:56.12,58.15 2 1
github.com/ecadlabs/signatory/pkg/utils/utils.go:59.18,60.14 1 1
github.com/ecadlabs/signatory/pkg/utils/utils.go:61.29,62.29 1 1
github.com/ecadlabs/signatory/pkg/utils/utils.go:63.11,64.18 1 1
github.com/ecadlabs/signatory/pkg/utils/utils.go:69.49,70.18 1 1
github.com/ecadlabs/signatory/pkg/utils/utils.go:80.2,80.15 1 1
github.com/ecadlabs/signatory/pkg/utils/utils.go:70.18,72.26 2 1
github.com/ecadlabs/signatory/pkg/utils/utils.go:75.3,75.26 1 1
github.com/ecadlabs/signatory/pkg/utils/utils.go:78.3,78.13 1 1
github.com/ecadlabs/signatory/pkg/utils/utils.go:72.26,74.4 1 0
github.com/ecadlabs/signatory/pkg/utils/utils.go:75.26,76.9 1 1
github.com/ecadlabs/signatory/pkg/utils/utils.go:84.88,87.6 3 1
github.com/ecadlabs/signatory/pkg/utils/utils.go:150.2,150.17 1 1
github.com/ecadlabs/signatory/pkg/utils/utils.go:87.6,89.17 2 1
github.com/ecadlabs/signatory/pkg/utils/utils.go:92.3,92.18 1 1
github.com/ecadlabs/signatory/pkg/utils/utils.go:96.3,98.17 3 1
github.com/ecadlabs/signatory/pkg/utils/utils.go:101.3,102.17 2 1
github.com/ecadlabs/signatory/pkg/utils/utils.go:105.3,105.22 1 1
github.com/ecadlabs/signatory/pkg/utils/utils.go:119.3,120.17 2 1
github.com/ecadlabs/signatory/pkg/utils/utils.go:123.3,125.21 2 1
github.com/ecadlabs/signatory/pkg/utils/utils.go:89.17,91.4 1 0
github.com/ecadlabs/signatory/pkg/utils/utils.go:92.18,93.9 1 1
github.com/ecadlabs/signatory/pkg/utils/utils.go:98.17,100.4 1 0
github.com/ecadlabs/signatory/pkg/utils/utils.go:102.17,104.4 1 0
github.com/ecadlabs/signatory/pkg/utils/utils.go:105.22,107.27 2 1
github.com/ecadlabs/signatory/pkg/utils/utils.go:110.4,111.23 2 1
github.com/ecadlabs/signatory/pkg/utils/utils.go:114.4,115.18 2 1
github.com/ecadlabs/signatory/pkg/utils/utils.go:107.27,109.5 1 0
github.com/ecadlabs/signatory/pkg/utils/utils.go:111.23,113.5 1 1
github.com/ecadlabs/signatory/pkg/utils/utils.go:115.18,117.5 1 0
github.com/ecadlabs/signatory/pkg/utils/utils.go:120.17,122.4 1 0
github.com/ecadlabs/signatory/pkg/utils/utils.go:125.21,127.18 2 1
github.com/ecadlabs/signatory/pkg/utils/utils.go:130.4,130.19 1 1
github.com/ecadlabs/signatory/pkg/utils/utils.go:133.4,134.27 2 1
github.com/ecadlabs/signatory/pkg/utils/utils.go:137.4,138.22 2 1
github.com/ecadlabs/signatory/pkg/utils/utils.go:141.4,142.18 2 1
github.com/ecadlabs/signatory/pkg/utils/utils.go:145.4,145.19 1 1
github.com/ecadlabs/signatory/pkg/utils/utils.go:127.18,129.5 1 0
github.com/ecadlabs/signatory/pkg/utils/utils.go:130.19,131.10 1 1
github.com/ecadlabs/signatory/pkg/utils/utils.go:134.27,136.5 1 0
github.com/ecadlabs/signatory/pkg/utils/utils.go:138.22,140.5 1 0
github.com/ecadlabs/signatory/pkg/utils/utils.go:142.18,144.5 1 0
github.com/ecadlabs/signatory/pkg/utils/utils.go:145.19,147.5 1 1
github.com/ecadlabs/signatory/pkg/server/middleware.go:12.40,14.2 1 0
github.com/ecadlabs/signatory/pkg/server/middleware.go:16.46,19.2 2 0
github.com/ecadlabs/signatory/pkg/server/middleware.go:21.59,22.20 1 0
github.com/ecadlabs/signatory/pkg/server/middleware.go:26.2,26.38 1 0
github.com/ecadlabs/signatory/pkg/server/middleware.go:22.20,24.3 1 0
github.com/ecadlabs/signatory/pkg/server/middleware.go:49.74,54.36 2 0
github.com/ecadlabs/signatory/pkg/server/middleware.go:61.2,61.12 1 0
github.com/ecadlabs/signatory/pkg/server/middleware.go:54.36,59.3 1 0
github.com/ecadlabs/signatory/pkg/server/middleware.go:69.37,70.21 1 0
github.com/ecadlabs/signatory/pkg/server/middleware.go:73.2,73.29 1 0
github.com/ecadlabs/signatory/pkg/server/middleware.go:70.21,72.3 1 0
github.com/ecadlabs/signatory/pkg/server/middleware.go:77.56,78.71 1 0
github.com/ecadlabs/signatory/pkg/server/middleware.go:78.71,94.3 5 0
github.com/ecadlabs/signatory/pkg/server/server.go:39.43,40.21 1 1
github.com/ecadlabs/signatory/pkg/server/server.go:43.2,43.29 1 1
github.com/ecadlabs/signatory/pkg/server/server.go:40.21,42.3 1 0
github.com/ecadlabs/signatory/pkg/server/server.go:46.70,51.16 4 1
github.com/ecadlabs/signatory/pkg/server/server.go:57.2,58.51 2 1
github.com/ecadlabs/signatory/pkg/server/server.go:63.2,64.16 2 1
github.com/ecadlabs/signatory/pkg/server/server.go:69.2,70.16 2 1
github.com/ecadlabs/signatory/pkg/server/server.go:107.2,112.39 2 1
github.com/ecadlabs/signatory/pkg/server/server.go:51.16,55.3 3 0
github.com/ecadlabs/signatory/pkg/server/server.go:58.51,61.3 2 1
github.com/ecadlabs/signatory/pkg/server/server.go:64.16,67.3 2 1
github.com/ecadlabs/signatory/pkg/server/server.go:70.16,72.15 2 1
github.com/ecadlabs/signatory/pkg/server/server.go:78.3,80.15 3 1
github.com/ecadlabs/signatory/pkg/server/server.go:86.3,86.69 1 0
github.com/ecadlabs/signatory/pkg/server/server.go:72.15,76.4 3 0
github.com/ecadlabs/signatory/pkg/server/server.go:80.15,84.4 3 1
github.com/ecadlabs/signatory/pkg/server/server.go:86.69,100.4 7 0
github.com/ecadlabs/signatory/pkg/server/server.go:100.9,104.4 3 0
github.com/ecadlabs/signatory/pkg/server/server.go:115.72,119.16 3 1
github.com/ecadlabs/signatory/pkg/server/server.go:124.2,129.39 2 1
github.com/ecadlabs/signatory/pkg/server/server.go:119.16,122.3 2 1
github.com/ecadlabs/signatory/pkg/server/server.go:132.80,134.2 1 0
github.com/ecadlabs/signatory/pkg/server/server.go:137.35,146.16 7 0
github.com/ecadlabs/signatory/pkg/server/server.go:150.2,156.12 3 0
github.com/ecadlabs/signatory/pkg/server/server.go:146.16,148.3 1 0
github.com/ecadlabs/signatory/pkg/server/utility.go:27.50,28.21 1 0
github.com/ecadlabs/signatory/pkg/server/utility.go:31.2,31.29 1 0
github.com/ecadlabs/signatory/pkg/server/utility.go:28.21,30.3 1 0
github.com/ecadlabs/signatory/pkg/server/utility.go:34.78,36.44 2 0
github.com/ecadlabs/signatory/pkg/server/utility.go:48.2,55.8 3 0
github.com/ecadlabs/signatory/pkg/server/utility.go:61.2,61.32 1 0
github.com/ecadlabs/signatory/pkg/server/utility.go:36.44,42.17 5 0
github.com/ecadlabs/signatory/pkg/server/utility.go:42.17,45.4 2 0
github.com/ecadlabs/signatory/pkg/server/utility.go:55.8,57.3 1 0
github.com/ecadlabs/signatory/pkg/server/utility.go:57.8,59.3 1 0
github.com/ecadlabs/signatory/pkg/server/utility.go:70.42,76.16 5 0
github.com/ecadlabs/signatory/pkg/server/utility.go:80.2,89.3 3 0
github.com/ecadlabs/signatory/pkg/server/utility.go:76.16,78.3 1 0
github.com/ecadlabs/signatory/pkg/server/utility.go:93.61,96.2 2 0
github.com/ecadlabs/signatory/pkg/server/utils.go:17.69,21.2 3 1
github.com/ecadlabs/signatory/pkg/server/utils.go:23.50,29.41 3 1
github.com/ecadlabs/signatory/pkg/server/utils.go:35.2,39.31 2 1
github.com/ecadlabs/signatory/pkg/server/utils.go:29.41,31.3 1 1
github.com/ecadlabs/signatory/pkg/server/utils.go:31.8,33.3 1 1
github.com/ecadlabs/signatory/pkg/tezos/encoding.go:18.36,20.2 1 1
github.com/ecadlabs/signatory/pkg/tezos/encoding.go:22.31,24.2 1 1
github.com/ecadlabs/signatory/pkg/tezos/encoding.go:109.77,111.16 2 1
github.com/ecadlabs/signatory/pkg/tezos/encoding.go:115.2,115.40 1 1
github.com/ecadlabs/signatory/pkg/tezos/encoding.go:125.2,126.8 2 0
github.com/ecadlabs/signatory/pkg/tezos/encoding.go:111.16,113.3 1 0
github.com/ecadlabs/signatory/pkg/tezos/encoding.go:115.40,117.53 2 1
github.com/ecadlabs/signatory/pkg/tezos/encoding.go:117.53,118.38 1 1
github.com/ecadlabs/signatory/pkg/tezos/encoding.go:121.4,121.36 1 1
github.com/ecadlabs/signatory/pkg/tezos/encoding.go:118.38,120.5 1 0
github.com/ecadlabs/signatory/pkg/tezos/encoding.go:129.68,136.2 5 1
github.com/ecadlabs/signatory/pkg/tezos/encoding.go:139.73,141.25 2 0
github.com/ecadlabs/signatory/pkg/tezos/encoding.go:156.2,156.46 1 0
github.com/ecadlabs/signatory/pkg/tezos/encoding.go:142.36,143.11 1 0
github.com/ecadlabs/signatory/pkg/tezos/encoding.go:144.35,147.35 3 0
github.com/ecadlabs/signatory/pkg/tezos/encoding.go:150.3,152.30 3 0
github.com/ecadlabs/signatory/pkg/tezos/encoding.go:153.10,154.75 1 0
github.com/ecadlabs/signatory/pkg/tezos/encoding.go:147.35,149.4 1 0
github.com/ecadlabs/signatory/pkg/tezos/key.go:36.95,39.28 3 1
github.com/ecadlabs/signatory/pkg/tezos/key.go:43.2,54.31 3 1
github.com/ecadlabs/signatory/pkg/tezos/key.go:64.2,67.19 3 1
github.com/ecadlabs/signatory/pkg/tezos/key.go:39.28,41.3 1 0
github.com/ecadlabs/signatory/pkg/tezos/key.go:54.31,55.16 1 0
github.com/ecadlabs/signatory/pkg/tezos/key.go:58.3,58.12 1 0
github.com/ecadlabs/signatory/pkg/tezos/key.go:55.16,57.4 1 0
github.com/ecadlabs/signatory/pkg/tezos/key.go:73.67,74.16 1 1
github.com/ecadlabs/signatory/pkg/tezos/key.go:82.2,82.8 1 1
github.com/ecadlabs/signatory/pkg/tezos/key.go:75.29,76.28 1 1
github.com/ecadlabs/signatory/pkg/tezos/key.go:77.36,78.35 1 1
github.com/ecadlabs/signatory/pkg/tezos/key.go:79.31,80.30 1 1
github.com/ecadlabs/signatory/pkg/tezos/key.go:86.101,88.16 2 1
github.com/ecadlabs/signatory/pkg/tezos/key.go:93.2,93.48 1 1
github.com/ecadlabs/signatory/pkg/tezos/key.go:123.2,123.16 1 1
github.com/ecadlabs/signatory/pkg/tezos/key.go:146.2,146.27 1 0
github.com/ecadlabs/signatory/pkg/tezos/key.go:88.16,90.3 1 0
github.com/ecadlabs/signatory/pkg/tezos/key.go:93.48,95.22 1 1
github.com/ecadlabs/signatory/pkg/tezos/key.go:98.3,99.17 2 1
github.com/ecadlabs/signatory/pkg/tezos/key.go:102.3,102.27 1 1
github.com/ecadlabs/signatory/pkg/tezos/key.go:106.3,115.10 6 1
github.com/ecadlabs/signatory/pkg/tezos/key.go:119.3,120.14 2 1
github.com/ecadlabs/signatory/pkg/tezos/key.go:95.22,97.4 1 0
github.com/ecadlabs/signatory/pkg/tezos/key.go:99.17,101.4 1 0
github.com/ecadlabs/signatory/pkg/tezos/key.go:102.27,104.4 1 0
github.com/ecadlabs/signatory/pkg/tezos/key.go:115.10,117.4 1 0
github.com/ecadlabs/signatory/pkg/tezos/key.go:124.43,126.36 2 1
github.com/ecadlabs/signatory/pkg/tezos/key.go:131.3,131.42 1 1
github.com/ecadlabs/signatory/pkg/tezos/key.go:133.20,134.42 1 1
github.com/ecadlabs/signatory/pkg/tezos/key.go:137.3,137.41 1 1
github.com/ecadlabs/signatory/pkg/tezos/key.go:139.25,140.48 1 0
github.com/ecadlabs/signatory/pkg/tezos/key.go:143.3,143.37 1 0
github.com/ecadlabs/signatory/pkg/tezos/key.go:126.36,128.4 1 1
github.com/ecadlabs/signatory/pkg/tezos/key.go:128.9,130.4 1 1
github.com/ecadlabs/signatory/pkg/tezos/key.go:134.42,136.4 1 0
github.com/ecadlabs/signatory/pkg/tezos/key.go:140.48,142.4 1 0
github.com/ecadlabs/signatory/pkg/tezos/key.go:150.55,152.16 2 0
github.com/ecadlabs/signatory/pkg/tezos/key.go:155.2,156.16 2 0
github.com/ecadlabs/signatory/pkg/tezos/key.go:152.16,154.3 1 0
github.com/ecadlabs/signatory/pkg/tezos/key.go:161.58,163.19 2 1
github.com/ecadlabs/signatory/pkg/tezos/key.go:167.2,172.11 5 1
github.com/ecadlabs/signatory/pkg/tezos/key.go:175.2,177.15 2 1
github.com/ecadlabs/signatory/pkg/tezos/key.go:163.19,165.3 1 1
github.com/ecadlabs/signatory/pkg/tezos/key.go:172.11,174.3 1 0
github.com/ecadlabs/signatory/pkg/tezos/key.go:180.107,181.27 1 1
github.com/ecadlabs/signatory/pkg/tezos/key.go:204.2,205.8 2 0
github.com/ecadlabs/signatory/pkg/tezos/key.go:182.24,183.10 1 1
github.com/ecadlabs/signatory/pkg/tezos/key.go:194.3,195.9 2 1
github.com/ecadlabs/signatory/pkg/tezos/key.go:197.25,201.9 4 1
github.com/ecadlabs/signatory/pkg/tezos/key.go:184.37,186.30 2 1
github.com/ecadlabs/signatory/pkg/tezos/key.go:187.62,189.35 2 1
github.com/ecadlabs/signatory/pkg/tezos/key.go:190.11,192.10 2 0
github.com/ecadlabs/signatory/pkg/tezos/key.go:209.68,211.16 2 1
github.com/ecadlabs/signatory/pkg/tezos/key.go:215.2,215.38 1 1
github.com/ecadlabs/signatory/pkg/tezos/key.go:211.16,213.3 1 0
github.com/ecadlabs/signatory/pkg/tezos/key.go:219.73,221.16 2 1
github.com/ecadlabs/signatory/pkg/tezos/key.go:225.2,226.16 2 1
github.com/ecadlabs/signatory/pkg/tezos/key.go:229.2,232.32 3 1
github.com/ecadlabs/signatory/pkg/tezos/key.go:221.16,223.3 1 0
github.com/ecadlabs/signatory/pkg/tezos/key.go:226.16,228.3 1 0
github.com/ecadlabs/signatory/pkg/tezos/key.go:236.76,242.28 2 0
github.com/ecadlabs/signatory/pkg/tezos/key.go:261.2,261.38 1 0
github.com/ecadlabs/signatory/pkg/tezos/key.go:243.25,244.10 1 0
github.com/ecadlabs/signatory/pkg/tezos/key.go:252.3,254.41 3 0
github.com/ecadlabs/signatory/pkg/tezos/key.go:256.26,258.23 2 0
github.com/ecadlabs/signatory/pkg/tezos/key.go:245.37,246.27 1 0
github.com/ecadlabs/signatory/pkg/tezos/key.go:247.62,248.32 1 0
github.com/ecadlabs/signatory/pkg/tezos/key.go:249.11,250.72 1 0
github.com/ecadlabs/signatory/pkg/tezos/message.go:45.50,45.70 1 0
github.com/ecadlabs/signatory/pkg/tezos/message.go:48.55,50.31 2 0
github.com/ecadlabs/signatory/pkg/tezos/message.go:53.2,53.12 1 0
github.com/ecadlabs/signatory/pkg/tezos/message.go:50.31,52.3 1 0
github.com/ecadlabs/signatory/pkg/tezos/message.go:67.42,67.60 1 0
github.com/ecadlabs/signatory/pkg/tezos/message.go:70.48,70.72 1 0
github.com/ecadlabs/signatory/pkg/tezos/message.go:79.50,79.68 1 0
github.com/ecadlabs/signatory/pkg/tezos/message.go:82.56,82.90 1 0
github.com/ecadlabs/signatory/pkg/tezos/message.go:91.52,91.81 1 0
github.com/ecadlabs/signatory/pkg/tezos/message.go:102.43,102.62 1 0
github.com/ecadlabs/signatory/pkg/tezos/message.go:120.43,120.62 1 0
github.com/ecadlabs/signatory/pkg/tezos/message.go:131.48,131.72 1 0
github.com/ecadlabs/signatory/pkg/tezos/message.go:162.48,162.72 1 0
github.com/ecadlabs/signatory/pkg/tezos/message.go:171.47,171.70 1 0
github.com/ecadlabs/signatory/pkg/tezos/message.go:173.68,175.16 2 1
github.com/ecadlabs/signatory/pkg/tezos/message.go:179.2,179.11 1 1
github.com/ecadlabs/signatory/pkg/tezos/message.go:383.2,383.80 1 0
github.com/ecadlabs/signatory/pkg/tezos/message.go:175.16,177.3 1 0
github.com/ecadlabs/signatory/pkg/tezos/message.go:180.24,182.48 2 1
github.com/ecadlabs/signatory/pkg/tezos/message.go:185.3,185.18 1 1
github.com/ecadlabs/signatory/pkg/tezos/message.go:187.32,189.48 2 0
github.com/ecadlabs/signatory/pkg/tezos/message.go:192.3,192.52 1 0
github.com/ecadlabs/signatory/pkg/tezos/message.go:195.3,195.18 1 0
github.com/ecadlabs/signatory/pkg/tezos/message.go:200.28,203.17 3 1
github.com/ecadlabs/signatory/pkg/tezos/message.go:206.3,206.83 1 1
github.com/ecadlabs/signatory/pkg/tezos/message.go:209.3,209.53 1 1
github.com/ecadlabs/signatory/pkg/tezos/message.go:212.3,212.18 1 1
github.com/ecadlabs/signatory/pkg/tezos/message.go:216.19,218.59 2 0
github.com/ecadlabs/signatory/pkg/tezos/message.go:221.3,221.49 1 0
github.com/ecadlabs/signatory/pkg/tezos/message.go:224.3,225.17 2 0
github.com/ecadlabs/signatory/pkg/tezos/message.go:228.3,228.71 1 0
github.com/ecadlabs/signatory/pkg/tezos/message.go:231.3,232.17 2 0
github.com/ecadlabs/signatory/pkg/tezos/message.go:235.3,235.17 1 0
github.com/ecadlabs/signatory/pkg/tezos/message.go:243.3,243.18 1 0
github.com/ecadlabs/signatory/pkg/tezos/message.go:246.120,248.22 2 1
github.com/ecadlabs/signatory/pkg/tezos/message.go:255.3,255.55 1 1
github.com/ecadlabs/signatory/pkg/tezos/message.go:258.3,258.59 1 1
github.com/ecadlabs/signatory/pkg/tezos/message.go:261.3,261.60 1 1
github.com/ecadlabs/signatory/pkg/tezos/message.go:264.3,264.64 1 1
github.com/ecadlabs/signatory/pkg/tezos/message.go:268.3,268.12 1 1
github.com/ecadlabs/signatory/pkg/tezos/message.go:182.48,184.4 1 0
github.com/ecadlabs/signatory/pkg/tezos/message.go:189.48,191.4 1 0
github.com/ecadlabs/signatory/pkg/tezos/message.go:192.52,194.4 1 0
github.com/ecadlabs/signatory/pkg/tezos/message.go:203.17,205.4 1 0
github.com/ecadlabs/signatory/pkg/tezos/message.go:206.83,208.4 1 0
github.com/ecadlabs/signatory/pkg/tezos/message.go:209.53,211.4 1 0
github.com/ecadlabs/signatory/pkg/tezos/message.go:218.59,220.4 1 0
github.com/ecadlabs/signatory/pkg/tezos/message.go:221.49,223.4 1 0
github.com/ecadlabs/signatory/pkg/tezos/message.go:225.17,227.4 1 0
github.com/ecadlabs/signatory/pkg/tezos/message.go:228.71,230.4 1 0
github.com/ecadlabs/signatory/pkg/tezos/message.go:232.17,234.4 1 0
github.com/ecadlabs/signatory/pkg/tezos/message.go:236.18,237.21 1 0
github.com/ecadlabs/signatory/pkg/tezos/message.go:238.18,239.21 1 0
github.com/ecadlabs/signatory/pkg/tezos/message.go:240.11,241.22 1 0
github.com/ecadlabs/signatory/pkg/tezos/message.go:248.22,249.66 1 1
github.com/ecadlabs/signatory/pkg/tezos/message.go:249.66,251.5 1 0
github.com/ecadlabs/signatory/pkg/tezos/message.go:252.9,252.69 1 1
github.com/ecadlabs/signatory/pkg/tezos/message.go:252.69,254.4 1 0
github.com/ecadlabs/signatory/pkg/tezos/message.go:255.55,257.4 1 0
github.com/ecadlabs/signatory/pkg/tezos/message.go:258.59,260.4 1 0
github.com/ecadlabs/signatory/pkg/tezos/message.go:261.60,263.4 1 0
github.com/ecadlabs/signatory/pkg/tezos/message.go:264.64,266.4 1 0
github.com/ecadlabs/signatory/pkg/tezos/message.go:269.46,273.59 2 1
github.com/ecadlabs/signatory/pkg/tezos/message.go:276.4,276.19 1 1
github.com/ecadlabs/signatory/pkg/tezos/message.go:278.56,282.53 2 1
github.com/ecadlabs/signatory/pkg/tezos/message.go:285.4,285.62 1 1
github.com/ecadlabs/signatory/pkg/tezos/message.go:288.4,289.18 2 1
github.com/ecadlabs/signatory/pkg/tezos/message.go:292.4,292.12 1 1
github.com/ecadlabs/signatory/pkg/tezos/message.go:308.4,308.19 1 1
github.com/ecadlabs/signatory/pkg/tezos/message.go:310.56,314.22 2 1
github.com/ecadlabs/signatory/pkg/tezos/message.go:320.4,320.54 1 1
github.com/ecadlabs/signatory/pkg/tezos/message.go:323.4,323.22 1 1
github.com/ecadlabs/signatory/pkg/tezos/message.go:331.4,332.18 2 1
github.com/ecadlabs/signatory/pkg/tezos/message.go:335.4,335.12 1 1
github.com/ecadlabs/signatory/pkg/tezos/message.go:340.4,340.22 1 1
github.com/ecadlabs/signatory/pkg/tezos/message.go:347.4,347.12 1 1
github.com/ecadlabs/signatory/pkg/tezos/message.go:364.4,364.19 1 1
github.com/ecadlabs/signatory/pkg/tezos/message.go:366.54,371.18 3 1
github.com/ecadlabs/signatory/pkg/tezos/message.go:374.4,374.12 1 1
github.com/ecadlabs/signatory/pkg/tezos/message.go:379.4,379.19 1 1
github.com/ecadlabs/signatory/pkg/tezos/message.go:273.59,275.5 1 0
github.com/ecadlabs/signatory/pkg/tezos/message.go:282.53,284.5 1 0
github.com/ecadlabs/signatory/pkg/tezos/message.go:285.62,287.5 1 0
github.com/ecadlabs/signatory/pkg/tezos/message.go:289.18,291.5 1 0
github.com/ecadlabs/signatory/pkg/tezos/message.go:292.12,294.24 2 0
github.com/ecadlabs/signatory/pkg/tezos/message.go:299.5,300.19 2 0
github.com/ecadlabs/signatory/pkg/tezos/message.go:303.5,303.70 1 0
github.com/ecadlabs/signatory/pkg/tezos/message.go:294.24,295.74 1 0
github.com/ecadlabs/signatory/pkg/tezos/message.go:295.74,297.7 1 0
github.com/ecadlabs/signatory/pkg/tezos/message.go:300.19,302.6 1 0
github.com/ecadlabs/signatory/pkg/tezos/message.go:303.70,305.6 1 0
github.com/ecadlabs/signatory/pkg/tezos/message.go:314.22,316.80 2 0
github.com/ecadlabs/signatory/pkg/tezos/message.go:316.80,318.6 1 0
github.com/ecadlabs/signatory/pkg/tezos/message.go:320.54,322.5 1 0
github.com/ecadlabs/signatory/pkg/tezos/message.go:323.22,324.65 1 0
github.com/ecadlabs/signatory/pkg/tezos/message.go:327.5,327.67 1 0
github.com/ecadlabs/signatory/pkg/tezos/message.go:324.65,326.6 1 0
github.com/ecadlabs/signatory/pkg/tezos/message.go:327.67,329.6 1 0
github.com/ecadlabs/signatory/pkg/tezos/message.go:332.18,334.5 1 0
github.com/ecadlabs/signatory/pkg/tezos/message.go:335.12,336.63 1 0
github.com/ecadlabs/signatory/pkg/tezos/message.go:336.63,338.6 1 0
github.com/ecadlabs/signatory/pkg/tezos/message.go:340.22,341.45 1 0
github.com/ecadlabs/signatory/pkg/tezos/message.go:341.45,343.6 1 0
github.com/ecadlabs/signatory/pkg/tezos/message.go:344.10,346.5 1 1
github.com/ecadlabs/signatory/pkg/tezos/message.go:347.12,350.19 3 1
github.com/ecadlabs/signatory/pkg/tezos/message.go:353.5,353.65 1 1
github.com/ecadlabs/signatory/pkg/tezos/message.go:356.5,357.19 2 1
github.com/ecadlabs/signatory/pkg/tezos/message.go:360.5,360.68 1 1
github.com/ecadlabs/signatory/pkg/tezos/message.go:350.19,352.6 1 0
github.com/ecadlabs/signatory/pkg/tezos/message.go:353.65,355.6 1 0
github.com/ecadlabs/signatory/pkg/tezos/message.go:357.19,359.6 1 0
github.com/ecadlabs/signatory/pkg/tezos/message.go:360.68,362.6 1 0
github.com/ecadlabs/signatory/pkg/tezos/message.go:371.18,373.5 1 0
github.com/ecadlabs/signatory/pkg/tezos/message.go:374.12,375.63 1 1
github.com/ecadlabs/signatory/pkg/tezos/message.go:375.63,377.6 1 0
github.com/ecadlabs/signatory/pkg/tezos/message.go:392.62,394.16 2 1
github.com/ecadlabs/signatory/pkg/tezos/message.go:398.2,399.11 2 1
github.com/ecadlabs/signatory/pkg/tezos/message.go:410.2,411.16 2 1
github.com/ecadlabs/signatory/pkg/tezos/message.go:415.2,416.16 2 1
github.com/ecadlabs/signatory/pkg/tezos/message.go:420.2,420.17 1 1
github.com/ecadlabs/signatory/pkg/tezos/message.go:394.16,396.3 1 0
github.com/ecadlabs/signatory/pkg/tezos/message.go:400.31,401.33 1 1
github.com/ecadlabs/signatory/pkg/tezos/message.go:402.33,403.35 1 0
github.com/ecadlabs/signatory/pkg/tezos/message.go:404.28,405.30 1 0
github.com/ecadlabs/signatory/pkg/tezos/message.go:406.10,407.69 1 0
github.com/ecadlabs/signatory/pkg/tezos/message.go:411.16,413.3 1 0
github.com/ecadlabs/signatory/pkg/tezos/message.go:416.16,418.3 1 0
github.com/ecadlabs/signatory/pkg/tezos/message.go:429.58,431.16 2 1
github.com/ecadlabs/signatory/pkg/tezos/message.go:435.2,439.11 2 1
github.com/ecadlabs/signatory/pkg/tezos/message.go:453.2,454.16 2 1
github.com/ecadlabs/signatory/pkg/tezos/message.go:458.2,459.16 2 1
github.com/ecadlabs/signatory/pkg/tezos/message.go:463.2,463.17 1 1
github.com/ecadlabs/signatory/pkg/tezos/message.go:431.16,433.3 1 0
github.com/ecadlabs/signatory/pkg/tezos/message.go:440.27,442.10 2 1
github.com/ecadlabs/signatory/pkg/tezos/message.go:443.29,445.10 2 0
github.com/ecadlabs/signatory/pkg/tezos/message.go:446.24,448.10 2 0
github.com/ecadlabs/signatory/pkg/tezos/message.go:449.10,450.64 1 0
github.com/ecadlabs/signatory/pkg/tezos/message.go:454.16,456.3 1 0
github.com/ecadlabs/signatory/pkg/tezos/message.go:459.16,461.3 1 0
github.com/ecadlabs/signatory/pkg/tezos/message.go:471.59,473.16 2 1
github.com/ecadlabs/signatory/pkg/tezos/message.go:477.2,477.11 1 1
github.com/ecadlabs/signatory/pkg/tezos/message.go:501.2,501.64 1 0
github.com/ecadlabs/signatory/pkg/tezos/message.go:473.16,475.3 1 0
github.com/ecadlabs/signatory/pkg/tezos/message.go:478.29,480.17 2 1
github.com/ecadlabs/signatory/pkg/tezos/message.go:483.3,483.18 1 1
github.com/ecadlabs/signatory/pkg/tezos/message.go:485.31,487.17 2 0
github.com/ecadlabs/signatory/pkg/tezos/message.go:490.3,491.17 2 0
github.com/ecadlabs/signatory/pkg/tezos/message.go:494.3,495.17 2 0
github.com/ecadlabs/signatory/pkg/tezos/message.go:498.3,498.18 1 0
github.com/ecadlabs/signatory/pkg/tezos/message.go:480.17,482.4 1 0
github.com/ecadlabs/signatory/pkg/tezos/message.go:487.17,489.4 1 0
github.com/ecadlabs/signatory/pkg/tezos/message.go:491.17,493.4 1 0
github.com/ecadlabs/signatory/pkg/tezos/message.go:495.17,497.4 1 0
github.com/ecadlabs/signatory/pkg/tezos/message.go:504.57,508.39 4 1
github.com/ecadlabs/signatory/pkg/tezos/message.go:511.2,511.19 1 1
github.com/ecadlabs/signatory/pkg/tezos/message.go:514.2,514.28 1 1
github.com/ecadlabs/signatory/pkg/tezos/message.go:520.2,521.17 2 1
github.com/ecadlabs/signatory/pkg/tezos/message.go:508.39,510.3 1 1
github.com/ecadlabs/signatory/pkg/tezos/message.go:511.19,513.3 1 0
github.com/ecadlabs/signatory/pkg/tezos/message.go:514.28,519.3 4 1
github.com/ecadlabs/signatory/pkg/tezos/message.go:534.57,536.16 2 0
github.com/ecadlabs/signatory/pkg/tezos/message.go:540.2,540.11 1 0
github.com/ecadlabs/signatory/pkg/tezos/message.go:564.2,564.15 1 0
github.com/ecadlabs/signatory/pkg/tezos/message.go:536.16,538.3 1 0
github.com/ecadlabs/signatory/pkg/tezos/message.go:541.17,542.16 1 0
github.com/ecadlabs/signatory/pkg/tezos/message.go:543.14,544.13 1 0
github.com/ecadlabs/signatory/pkg/tezos/message.go:545.12,546.11 1 0
github.com/ecadlabs/signatory/pkg/tezos/message.go:547.21,548.21 1 0
github.com/ecadlabs/signatory/pkg/tezos/message.go:549.24,550.24 1 0
github.com/ecadlabs/signatory/pkg/tezos/message.go:551.15,553.17 2 0
github.com/ecadlabs/signatory/pkg/tezos/message.go:556.3,557.17 2 0
github.com/ecadlabs/signatory/pkg/tezos/message.go:560.3,560.19 1 0
github.com/ecadlabs/signatory/pkg/tezos/message.go:561.10,562.64 1 0
github.com/ecadlabs/signatory/pkg/tezos/message.go:553.17,555.4 1 0
github.com/ecadlabs/signatory/pkg/tezos/message.go:557.17,559.4 1 0
github.com/ecadlabs/signatory/pkg/tezos/message.go:567.77,569.16 2 1
github.com/ecadlabs/signatory/pkg/tezos/message.go:573.2,574.16 2 1
github.com/ecadlabs/signatory/pkg/tezos/message.go:578.2,579.21 2 1
github.com/ecadlabs/signatory/pkg/tezos/message.go:587.2,590.8 1 1
github.com/ecadlabs/signatory/pkg/tezos/message.go:569.16,571.3 1 0
github.com/ecadlabs/signatory/pkg/tezos/message.go:574.16,576.3 1 0
github.com/ecadlabs/signatory/pkg/tezos/message.go:579.21,581.17 2 1
github.com/ecadlabs/signatory/pkg/tezos/message.go:584.3,584.26 1 1
github.com/ecadlabs/signatory/pkg/tezos/message.go:581.17,583.4 1 0
github.com/ecadlabs/signatory/pkg/tezos/message.go:609.40,609.58 1 0
github.com/ecadlabs/signatory/pkg/tezos/message.go:611.64,614.46 2 1
github.com/ecadlabs/signatory/pkg/tezos/message.go:617.2,617.45 1 1
github.com/ecadlabs/signatory/pkg/tezos/message.go:620.2,621.16 2 1
github.com/ecadlabs/signatory/pkg/tezos/message.go:624.2,624.69 1 1
github.com/ecadlabs/signatory/pkg/tezos/message.go:627.2,628.16 2 1
github.com/ecadlabs/signatory/pkg/tezos/message.go:631.2,632.54 2 1
github.com/ecadlabs/signatory/pkg/tezos/message.go:635.2,635.47 1 1
github.com/ecadlabs/signatory/pkg/tezos/message.go:638.2,638.84 1 1
github.com/ecadlabs/signatory/pkg/tezos/message.go:642.2,643.16 2 1
github.com/ecadlabs/signatory/pkg/tezos/message.go:646.2,647.16 2 1
github.com/ecadlabs/signatory/pkg/tezos/message.go:650.2,650.21 1 1
github.com/ecadlabs/signatory/pkg/tezos/message.go:661.2,661.47 1 1
github.com/ecadlabs/signatory/pkg/tezos/message.go:664.2,664.67 1 1
github.com/ecadlabs/signatory/pkg/tezos/message.go:667.2,667.50 1 1
github.com/ecadlabs/signatory/pkg/tezos/message.go:670.2,670.60 1 1
github.com/ecadlabs/signatory/pkg/tezos/message.go:673.2,674.16 2 1
github.com/ecadlabs/signatory/pkg/tezos/message.go:677.2,677.10 1 1
github.com/ecadlabs/signatory/pkg/tezos/message.go:682.2,682.15 1 1
github.com/ecadlabs/signatory/pkg/tezos/message.go:614.46,616.3 1 0
github.com/ecadlabs/signatory/pkg/tezos/message.go:617.45,619.3 1 0
github.com/ecadlabs/signatory/pkg/tezos/message.go:621.16,623.3 1 0
github.com/ecadlabs/signatory/pkg/tezos/message.go:624.69,626.3 1 0
github.com/ecadlabs/signatory/pkg/tezos/message.go:628.16,630.3 1 0
github.com/ecadlabs/signatory/pkg/tezos/message.go:632.54,634.3 1 0
github.com/ecadlabs/signatory/pkg/tezos/message.go:635.47,637.3 1 0
github.com/ecadlabs/signatory/pkg/tezos/message.go:638.84,640.3 1 0
github.com/ecadlabs/signatory/pkg/tezos/message.go:643.16,645.3 1 0
github.com/ecadlabs/signatory/pkg/tezos/message.go:647.16,649.3 1 0
github.com/ecadlabs/signatory/pkg/tezos/message.go:650.21,652.17 2 1
github.com/ecadlabs/signatory/pkg/tezos/message.go:655.3,656.17 2 1
github.com/ecadlabs/signatory/pkg/tezos/message.go:659.3,659.38 1 1
github.com/ecadlabs/signatory/pkg/tezos/message.go:652.17,654.4 1 0
github.com/ecadlabs/signatory/pkg/tezos/message.go:656.17,658.4 1 0
github.com/ecadlabs/signatory/pkg/tezos/message.go:661.47,663.3 1 0
github.com/ecadlabs/signatory/pkg/tezos/message.go:664.67,666.3 1 0
github.com/ecadlabs/signatory/pkg/tezos/message.go:667.50,669.3 1 0
github.com/ecadlabs/signatory/pkg/tezos/message.go:670.60,672.3 1 0
github.com/ecadlabs/signatory/pkg/tezos/message.go:674.16,676.3 1 0
github.com/ecadlabs/signatory/pkg/tezos/message.go:677.10,678.55 1 0
github.com/ecadlabs/signatory/pkg/tezos/message.go:678.55,680.4 1 0
github.com/ecadlabs/signatory/pkg/tezos/message.go:708.52,708.70 1 0
github.com/ecadlabs/signatory/pkg/tezos/message.go:711.51,711.71 1 0
github.com/ecadlabs/signatory/pkg/tezos/message.go:720.52,720.76 1 0
github.com/ecadlabs/signatory/pkg/tezos/message.go:723.48,723.66 1 0
github.com/ecadlabs/signatory/pkg/tezos/message.go:726.51,726.71 1 0
github.com/ecadlabs/signatory/pkg/tezos/message.go:737.71,740.16 3 1
github.com/ecadlabs/signatory/pkg/tezos/message.go:744.2,744.11 1 1
github.com/ecadlabs/signatory/pkg/tezos/message.go:782.2,782.63 1 0
github.com/ecadlabs/signatory/pkg/tezos/message.go:740.16,742.3 1 0
github.com/ecadlabs/signatory/pkg/tezos/message.go:745.36,747.17 2 1
github.com/ecadlabs/signatory/pkg/tezos/message.go:750.3,751.17 2 1
github.com/ecadlabs/signatory/pkg/tezos/message.go:754.3,754.12 1 1
github.com/ecadlabs/signatory/pkg/tezos/message.go:779.26,780.38 1 0
github.com/ecadlabs/signatory/pkg/tezos/message.go:747.17,749.4 1 0
github.com/ecadlabs/signatory/pkg/tezos/message.go:751.17,753.4 1 0
github.com/ecadlabs/signatory/pkg/tezos/message.go:755.22,757.18 2 0
github.com/ecadlabs/signatory/pkg/tezos/message.go:760.4,763.10 1 0
github.com/ecadlabs/signatory/pkg/tezos/message.go:765.22,769.18 3 1
github.com/ecadlabs/signatory/pkg/tezos/message.go:772.4,777.10 1 1
github.com/ecadlabs/signatory/pkg/tezos/message.go:757.18,759.5 1 0
github.com/ecadlabs/signatory/pkg/tezos/message.go:769.18,771.5 1 0
github.com/ecadlabs/signatory/pkg/tezos/utils.go:17.47,18.19 1 1
github.com/ecadlabs/signatory/pkg/tezos/utils.go:21.2,23.15 3 1
github.com/ecadlabs/signatory/pkg/tezos/utils.go:18.19,20.3 1 0
github.com/ecadlabs/signatory/pkg/tezos/utils.go:26.51,27.19 1 1
github.com/ecadlabs/signatory/pkg/tezos/utils.go:30.2,32.15 3 1
github.com/ecadlabs/signatory/pkg/tezos/utils.go:27.19,29.3 1 0
github.com/ecadlabs/signatory/pkg/tezos/utils.go:35.49,38.2 2 0
github.com/ecadlabs/signatory/pkg/tezos/utils.go:40.51,41.19 1 1
github.com/ecadlabs/signatory/pkg/tezos/utils.go:44.2,46.15 3 1
github.com/ecadlabs/signatory/pkg/tezos/utils.go:41.19,43.3 1 0
github.com/ecadlabs/signatory/pkg/tezos/utils.go:49.49,52.2 2 1
github.com/ecadlabs/signatory/pkg/tezos/utils.go:54.51,55.19 1 1
github.com/ecadlabs/signatory/pkg/tezos/utils.go:58.2,60.15 3 1
github.com/ecadlabs/signatory/pkg/tezos/utils.go:55.19,57.3 1 0
github.com/ecadlabs/signatory/pkg/tezos/utils.go:63.49,66.2 2 1
github.com/ecadlabs/signatory/pkg/tezos/utils.go:68.58,69.20 1 1
github.com/ecadlabs/signatory/pkg/tezos/utils.go:72.2,74.15 3 1
github.com/ecadlabs/signatory/pkg/tezos/utils.go:69.20,71.3 1 0
github.com/ecadlabs/signatory/pkg/tezos/utils.go:77.47,79.16 2 1
github.com/ecadlabs/signatory/pkg/tezos/utils.go:82.2,82.12 1 1
github.com/ecadlabs/signatory/pkg/tezos/utils.go:88.2,88.59 1 0
github.com/ecadlabs/signatory/pkg/tezos/utils.go:79.16,81.3 1 0
github.com/ecadlabs/signatory/pkg/tezos/utils.go:83.9,84.20 1 1
github.com/ecadlabs/signatory/pkg/tezos/utils.go:85.11,86.19 1 1
